<?xml version="1.0" encoding="UTF-8"?>
<!-- Generated by org.testng.reporters.JUnitReportReporter -->
<testsuite hostname="DESKTOP-R2TT8OE" name="Paytm_POM.Paytm_Movie" tests="1" failures="0" timestamp="12 Apr 2019 17:46:25 GMT" time="48.399" errors="0">
  <testcase name="movieTest" time="48.399" classname="Paytm_POM.Paytm_Movie"/>
</testsuite> <!-- Paytm_POM.Paytm_Movie -->
