<?xml version="1.0" encoding="UTF-8"?>
<!-- Generated by org.testng.reporters.JUnitReportReporter -->
<testsuite hostname="DESKTOP-R2TT8OE" name="testNG_Data_Provider.LoginTest" tests="4" failures="0" timestamp="3 Apr 2019 04:17:17 GMT" time="115.374" errors="0">
  <testcase name="loginTest" time="19.699" classname="testNG_Data_Provider.LoginTest"/>
  <testcase name="loginTest" time="16.602" classname="testNG_Data_Provider.LoginTest"/>
  <testcase name="loginTest" time="58.883" classname="testNG_Data_Provider.LoginTest"/>
  <testcase name="loginTest" time="20.190" classname="testNG_Data_Provider.LoginTest"/>
</testsuite> <!-- testNG_Data_Provider.LoginTest -->
