<?xml version="1.0" encoding="UTF-8"?>
<!-- Generated by org.testng.reporters.JUnitReportReporter -->
<testsuite hostname="DESKTOP-R2TT8OE" name="paytmTestNG.TestBasics" tests="2" failures="0" timestamp="26 Mar 2019 05:40:29 GMT" time="0.016" errors="0">
  <testcase name="TestCase2" time="0.000" classname="paytmTestNG.TestBasics"/>
  <testcase name="TestCase1" time="0.016" classname="paytmTestNG.TestBasics"/>
</testsuite> <!-- paytmTestNG.TestBasics -->
