<?xml version="1.0" encoding="UTF-8"?>
<!-- Generated by org.testng.reporters.JUnitReportReporter -->
<testsuite hostname="DESKTOP-R2TT8OE" name="testNG_Basics.PropertyFileTest" tests="1" failures="0" timestamp="31 Mar 2019 16:59:12 GMT" time="34.810" errors="0">
  <testcase name="login" time="34.810" classname="testNG_Basics.PropertyFileTest"/>
</testsuite> <!-- testNG_Basics.PropertyFileTest -->
