<?xml version="1.0" encoding="UTF-8"?>
<!-- Generated by org.testng.reporters.JUnitReportReporter -->
<testsuite hostname="DESKTOP-R2TT8OE" name="testNG_Basics.Parallel1" tests="1" failures="0" timestamp="31 Mar 2019 17:21:47 GMT" time="18.922" errors="0">
  <testcase name="launchBrowser" time="18.922" classname="testNG_Basics.Parallel1"/>
</testsuite> <!-- testNG_Basics.Parallel1 -->
