<?xml version="1.0" encoding="UTF-8"?>
<!-- Generated by org.testng.reporters.JUnitReportReporter -->
<testsuite hostname="DESKTOP-R2TT8OE" name="paytmTestNG.Paytm_DTH" tests="1" failures="0" timestamp="12 Apr 2019 11:47:19 GMT" time="23.762" errors="0">
  <testcase name="dth" time="23.762" classname="paytmTestNG.Paytm_DTH"/>
</testsuite> <!-- paytmTestNG.Paytm_DTH -->
