<?xml version="1.0" encoding="UTF-8"?>
<!-- Generated by org.testng.reporters.JUnitReportReporter -->
<testsuite hostname="DESKTOP-R2TT8OE" name="Paytm_POM.Metro" tests="1" failures="0" timestamp="12 Apr 2019 06:21:16 GMT" time="85.588" errors="0">
  <testcase name="metroTest" time="85.588" classname="Paytm_POM.Metro"/>
</testsuite> <!-- Paytm_POM.Metro -->
