<?xml version="1.0" encoding="UTF-8"?>
<!-- Generated by org.testng.reporters.JUnitReportReporter -->
<testsuite hostname="DESKTOP-R2TT8OE" name="paytmTestNG.ParameterizedTest" tests="1" failures="0" timestamp="31 Mar 2019 11:14:30 GMT" time="44.362" errors="0">
  <testcase name="lauchBrowser" time="44.362" classname="paytmTestNG.ParameterizedTest"/>
</testsuite> <!-- paytmTestNG.ParameterizedTest -->
