<?xml version="1.0" encoding="UTF-8"?>
<!-- Generated by org.testng.reporters.JUnitReportReporter -->
<testsuite hostname="DESKTOP-R2TT8OE" name="testNG_Basics.DataProviderTest" tests="3" failures="0" timestamp="2 Apr 2019 04:21:46 GMT" time="0.031" errors="0">
  <testcase name="loginT" time="0.000" classname="testNG_Basics.DataProviderTest"/>
  <testcase name="loginT" time="0.031" classname="testNG_Basics.DataProviderTest"/>
  <testcase name="loginT" time="0.000" classname="testNG_Basics.DataProviderTest"/>
</testsuite> <!-- testNG_Basics.DataProviderTest -->
