<?xml version="1.0" encoding="UTF-8"?>
<!-- Generated by org.testng.reporters.JUnitReportReporter -->
<testsuite hostname="DESKTOP-R2TT8OE" name="testNG_Basics.config_Property_Read" tests="1" failures="0" timestamp="4 Apr 2019 03:45:31 GMT" time="15.656" errors="0">
  <testcase name="loginTest" time="15.656" classname="testNG_Basics.config_Property_Read"/>
</testsuite> <!-- testNG_Basics.config_Property_Read -->
