<?xml version="1.0" encoding="UTF-8"?>
<!-- Generated by org.testng.reporters.JUnitReportReporter -->
<testsuite hostname="DESKTOP-R2TT8OE" name="Paytm_POM.AmusementPark" tests="1" failures="0" timestamp="24 Apr 2019 05:03:42 GMT" time="37.243" errors="0">
  <testcase name="amusementParkTest" time="37.243" classname="Paytm_POM.AmusementPark"/>
</testsuite> <!-- Paytm_POM.AmusementPark -->
