<?xml version="1.0" encoding="UTF-8"?>
<!-- Generated by org.testng.reporters.JUnitReportReporter -->
<testsuite hostname="DESKTOP-R2TT8OE" name="testNG_Basics.DependancyTest" tests="3" failures="0" timestamp="31 Mar 2019 17:42:33 GMT" time="10.067" errors="0">
  <testcase name="ChangePassTest" time="0.001" classname="testNG_Basics.DependancyTest"/>
  <testcase name="logoutTest" time="10.066" classname="testNG_Basics.DependancyTest"/>
  <testcase name="loginTest" time="0.000" classname="testNG_Basics.DependancyTest"/>
</testsuite> <!-- testNG_Basics.DependancyTest -->
